<?xml version="1.0" encoding="UTF-8"?>
<!-- Generated by org.testng.reporters.JUnitReportReporter -->
<testsuite hostname="LKCONMVIJAYAN01" failures="0" tests="1" name="herokuapp.assignment.testcase.TC1" time="0.930" errors="0" timestamp="2022-04-21T18:42:10 IST" skipped="0">
  <testcase classname="herokuapp.assignment.testcase.TC1" name="verifyLoginFailure" time="0.930"/>
  <system-out/>
</testsuite> <!-- herokuapp.assignment.testcase.TC1 -->
