<?xml version="1.0" encoding="UTF-8"?>
<!-- Generated by org.testng.reporters.JUnitReportReporter -->
<testsuite hostname="LKCONMVIJAYAN01" failures="0" tests="6" name="herokuapp.assignment.testcase.AcceptanceTests" time="32.357" errors="0" timestamp="2022-04-22T13:06:56 IST" skipped="0">
  <testcase classname="herokuapp.assignment.testcase.AcceptanceTests" name="verifyLoginFailure" time="11.860"/>
  <system-out/>
  <testcase classname="herokuapp.assignment.testcase.AcceptanceTests" name="verifyLoginSuccess" time="1.156"/>
  <system-out/>
  <testcase classname="herokuapp.assignment.testcase.AcceptanceTests" name="VerifyJSConfirm" time="5.644"/>
  <system-out/>
  <testcase classname="herokuapp.assignment.testcase.AcceptanceTests" name="VerifyjsPromptText" time="0.245"/>
  <system-out/>
  <testcase classname="herokuapp.assignment.testcase.AcceptanceTests" name="launchWebBrowserForImageUploadURL" time="7.769"/>
  <system-out/>
  <testcase classname="herokuapp.assignment.testcase.AcceptanceTests" name="iframeAccesses" time="5.683"/>
  <system-out/>
</testsuite> <!-- herokuapp.assignment.testcase.AcceptanceTests -->
